android/build/outputs/logs/manifest-merger-debug-report.txt
-- Merging decision tree log ---
manifest
ADDED from src/main/AndroidManifest.xml:2:1-5:12
INJECTED from src/main/AndroidManifest.xml:2:1-5:12
INJECTED from src/main/AndroidManifest.xml:2:1-5:12
	package
		ADDED from src/main/AndroidManifest.xml:3:5-42
		INJECTED from src/main/AndroidManifest.xml
		INJECTED from src/main/AndroidManifest.xml
	xmlns:android
		ADDED from src/main/AndroidManifest.xml:2:11-69
uses-sdk
ADDED from src/main/AndroidManifest.xml:4:5-44
INJECTED from src/main/AndroidManifest.xml:4:5-44
INJECTED from src/main/AndroidManifest.xml:4:5-44
INJECTED from src/main/AndroidManifest.xml:4:5-44
INJECTED from src/main/AndroidManifest.xml:4:5-44
	android:targetSdkVersion
		INJECTED from src/main/AndroidManifest.xml
		ADDED from src/main/AndroidManifest.xml:4:5-44
		INJECTED from src/main/AndroidManifest.xml
	android:minSdkVersion
		ADDED from src/main/AndroidManifest.xml:4:15-41
		INJECTED from src/main/AndroidManifest.xml
		INJECTED from src/main/AndroidManifest.xml